<?xml version="1.0" encoding="UTF-8"?>
<!-- Generated by org.testng.reporters.JUnitXMLReporter -->
<testsuite hostname="DESKTOP-NGUUSKQ" name="Default test" tests="5" failures="0" timestamp="19 Dec 2019 12:10:34 GMT" time="0.073" errors="0">
  <testcase name="@BeforeTest startReport" time="0.0" classname="qsp.DemoA">
    <failure type="org.testng.TestNGException" message="
Parameter &amp;apos;OS&amp;apos; is required by @Configuration on method startReport but has not been marked @Optional or defined
in C:\Users\PUNE-HR-SYSTEM\AppData\Local\Temp\testng-eclipse-675182419\testng-customsuite.xml">
      <![CDATA[org.testng.TestNGException: 
Parameter 'OS' is required by @Configuration on method startReport but has not been marked @Optional or defined
in C:\Users\PUNE-HR-SYSTEM\AppData\Local\Temp\testng-eclipse-675182419\testng-customsuite.xml
	at org.testng.internal.Parameters.createParameters(Parameters.java:156)
	at org.testng.internal.Parameters.createParameters(Parameters.java:370)
	at org.testng.internal.Parameters.createConfigurationParameters(Parameters.java:86)
	at org.testng.internal.Invoker.invokeConfigurations(Invoker.java:202)
	at org.testng.internal.Invoker.invokeConfigurations(Invoker.java:143)
	at org.testng.TestRunner.beforeRun(TestRunner.java:631)
	at org.testng.TestRunner.run(TestRunner.java:599)
	at org.testng.SuiteRunner.runTest(SuiteRunner.java:368)
	at org.testng.SuiteRunner.runSequentially(SuiteRunner.java:363)
	at org.testng.SuiteRunner.privateRun(SuiteRunner.java:321)
	at org.testng.SuiteRunner.run(SuiteRunner.java:270)
	at org.testng.SuiteRunnerWorker.runSuite(SuiteRunnerWorker.java:52)
	at org.testng.SuiteRunnerWorker.run(SuiteRunnerWorker.java:86)
	at org.testng.TestNG.runSuitesSequentially(TestNG.java:1284)
	at org.testng.TestNG.runSuitesLocally(TestNG.java:1209)
	at org.testng.TestNG.runSuites(TestNG.java:1124)
	at org.testng.TestNG.run(TestNG.java:1096)
	at org.testng.remote.AbstractRemoteTestNG.run(AbstractRemoteTestNG.java:132)
	at org.testng.remote.RemoteTestNG.initAndRun(RemoteTestNG.java:236)
	at org.testng.remote.RemoteTestNG.main(RemoteTestNG.java:81)
]]>
    </failure>
  </testcase> <!-- @BeforeTest startReport -->
  <testcase name="testCase1" time="0.01" classname="qsp.DemoA">
    <skipped/>
  </testcase> <!-- testCase1 -->
  <testcase name="testCase2" time="0.001" classname="qsp.DemoA">
    <skipped/>
  </testcase> <!-- testCase2 -->
  <testcase name="testCase3" time="0.001" classname="qsp.DemoA">
    <skipped/>
  </testcase> <!-- testCase3 -->
  <testcase name="testCase4" time="0.001" classname="qsp.DemoA">
    <skipped/>
  </testcase> <!-- testCase4 -->
  <testcase name="testCase5" time="0.002" classname="qsp.DemoA">
    <skipped/>
  </testcase> <!-- testCase5 -->
</testsuite> <!-- Default test -->
